<?xml version="1.0" encoding="UTF-8"?>
<!-- Generated by org.testng.reporters.JUnitXMLReporter -->
<testsuite hostname="YG-8" ignored="0" name="Default test" tests="5" failures="0" timestamp="08 十一月 2017 01:41:21 GMT" time="0.292" errors="0">
  <testcase name="testBean" time="0.136" classname="my.kryo.KryoTest"/>
  <testcase name="testList" time="0.015" classname="my.kryo.KryoTest"/>
  <testcase name="testMap" time="0.109" classname="my.kryo.KryoTest"/>
  <testcase name="testObject" time="0.002" classname="my.kryo.KryoTest"/>
  <testcase name="testSet" time="0.003" classname="my.kryo.KryoTest"/>
</testsuite> <!-- Default test -->
