<?xml version="1.0" encoding="UTF-8"?>
<testng-results skipped="0" failed="0" ignored="0" total="5" passed="5">
  <reporter-output>
  </reporter-output>
  <suite name="Default suite" duration-ms="292" started-at="2017-11-08T01:41:21Z" finished-at="2017-11-08T01:41:21Z">
    <groups>
    </groups>
    <test name="Default test" duration-ms="292" started-at="2017-11-08T01:41:21Z" finished-at="2017-11-08T01:41:21Z">
      <class name="my.kryo.KryoTest">
        <test-method status="PASS" signature="beforeTest()[pri:0, instance:my.kryo.KryoTest@91161c7]" name="beforeTest" is-config="true" duration-ms="7" started-at="2017-11-08T09:41:21Z" finished-at="2017-11-08T09:41:21Z">
          <reporter-output>
          </reporter-output>
        </test-method> <!-- beforeTest -->
        <test-method status="PASS" signature="testBean()[pri:0, instance:my.kryo.KryoTest@91161c7]" name="testBean" duration-ms="136" started-at="2017-11-08T09:41:21Z" finished-at="2017-11-08T09:41:21Z">
          <reporter-output>
          </reporter-output>
        </test-method> <!-- testBean -->
        <test-method status="PASS" signature="testList()[pri:0, instance:my.kryo.KryoTest@91161c7]" name="testList" duration-ms="15" started-at="2017-11-08T09:41:21Z" finished-at="2017-11-08T09:41:21Z">
          <reporter-output>
          </reporter-output>
        </test-method> <!-- testList -->
        <test-method status="PASS" signature="testMap()[pri:0, instance:my.kryo.KryoTest@91161c7]" name="testMap" duration-ms="109" started-at="2017-11-08T09:41:21Z" finished-at="2017-11-08T09:41:21Z">
          <reporter-output>
          </reporter-output>
        </test-method> <!-- testMap -->
        <test-method status="PASS" signature="testObject()[pri:0, instance:my.kryo.KryoTest@91161c7]" name="testObject" duration-ms="2" started-at="2017-11-08T09:41:21Z" finished-at="2017-11-08T09:41:21Z">
          <reporter-output>
          </reporter-output>
        </test-method> <!-- testObject -->
        <test-method status="PASS" signature="testSet()[pri:0, instance:my.kryo.KryoTest@91161c7]" name="testSet" duration-ms="3" started-at="2017-11-08T09:41:21Z" finished-at="2017-11-08T09:41:21Z">
          <reporter-output>
          </reporter-output>
        </test-method> <!-- testSet -->
        <test-method status="PASS" signature="afterTest()[pri:0, instance:my.kryo.KryoTest@91161c7]" name="afterTest" is-config="true" duration-ms="0" started-at="2017-11-08T09:41:21Z" finished-at="2017-11-08T09:41:21Z">
          <reporter-output>
          </reporter-output>
        </test-method> <!-- afterTest -->
      </class> <!-- my.kryo.KryoTest -->
    </test> <!-- Default test -->
  </suite> <!-- Default suite -->
</testng-results>
